0 info it worked if it ends with ok
1 verbose cli [ 'C:\\Program Files\\nodejs\\node.exe',
1 verbose cli   'C:\\Program Files\\nodejs\\node_modules\\npm\\bin\\npm-cli.js',
1 verbose cli   'start' ]
2 info using npm@3.10.10
3 info using node@v6.11.5
4 verbose run-script [ 'prestart', 'start', 'poststart' ]
5 info lifecycle src@1.0.0~prestart: src@1.0.0
6 silly lifecycle src@1.0.0~prestart: no script for prestart, continuing
7 info lifecycle src@1.0.0~start: src@1.0.0
8 verbose lifecycle src@1.0.0~start: unsafe-perm in lifecycle true
9 verbose lifecycle src@1.0.0~start: PATH: C:\Program Files\nodejs\node_modules\npm\bin\node-gyp-bin;C:\Users\2727\Downloads\Decathlon_clone-main\Decathlon_clone-main\node_modules\.bin;C:\Windows\system32;C:\Windows;C:\Windows\System32\Wbem;C:\Windows\System32\WindowsPowerShell\v1.0\;C:\Windows\System32\OpenSSH\;C:\Program Files\Citrix\System32\;C:\Program Files\Citrix\ICAService\;C:\Program Files\nodejs\;C:\Program Files\Microsoft VS Code\bin;C:\Program Files\PuTTY\;C:\Program Files\Citrix\Citrix Files\;C:\Program Files\dotnet\;C:\Program Files\Microsoft SQL Server\130\Tools\Binn\;C:\Program Files\Microsoft SQL Server\Client SDK\ODBC\170\Tools\Binn\;C:\Program Files (x86)\Intel\Intel(R) Management Engine Components\DAL;C:\Program Files\Intel\Intel(R) Management Engine Components\DAL;C:\Program Files (x86)\Microsoft SQL Server\150\Tools\Binn\;C:\Program Files\Microsoft SQL Server\150\Tools\Binn\;C:\Program Files\Microsoft SQL Server\150\DTS\Binn\;C:\Program Files (x86)\Microsoft SQL Server\150\DTS\Binn\;C:\Program Files\Azure Data Studio\bin;C:\Program Files (x86)\dotnet\;C:\Program Files\Docker\Docker\resources\bin;C:\Program Files\Amazon\AWSCLIV2\;C:\Users\2727\AppData\Local\Microsoft\WindowsApps;C:\Users\2727\AppData\Local\Programs\Git\cmd;C:\Users\2727\AppData\Roaming\npm;C:\Users\2727\AppData\Local\GitHubDesktop\bin;C:\Users\2727\.dotnet\tools;C:\Users\2727\node_modules\stripe-cl;;C:\Program Files\Azure Data Studio\bin
10 verbose lifecycle src@1.0.0~start: CWD: C:\Users\2727\Downloads\Decathlon_clone-main\Decathlon_clone-main
11 silly lifecycle src@1.0.0~start: Args: [ '/d /s /c', 'nodemon src/index' ]
12 silly lifecycle src@1.0.0~start: Returned: code: 1  signal: null
13 info lifecycle src@1.0.0~start: Failed to exec start script
14 verbose stack Error: src@1.0.0 start: `nodemon src/index`
14 verbose stack Exit status 1
14 verbose stack     at EventEmitter.<anonymous> (C:\Program Files\nodejs\node_modules\npm\lib\utils\lifecycle.js:255:16)
14 verbose stack     at emitTwo (events.js:106:13)
14 verbose stack     at EventEmitter.emit (events.js:191:7)
14 verbose stack     at ChildProcess.<anonymous> (C:\Program Files\nodejs\node_modules\npm\lib\utils\spawn.js:40:14)
14 verbose stack     at emitTwo (events.js:106:13)
14 verbose stack     at ChildProcess.emit (events.js:191:7)
14 verbose stack     at maybeClose (internal/child_process.js:920:16)
14 verbose stack     at Process.ChildProcess._handle.onexit (internal/child_process.js:230:5)
15 verbose pkgid src@1.0.0
16 verbose cwd C:\Users\2727\Downloads\Decathlon_clone-main\Decathlon_clone-main
17 error Windows_NT 10.0.19044
18 error argv "C:\\Program Files\\nodejs\\node.exe" "C:\\Program Files\\nodejs\\node_modules\\npm\\bin\\npm-cli.js" "start"
19 error node v6.11.5
20 error npm  v3.10.10
21 error code ELIFECYCLE
22 error src@1.0.0 start: `nodemon src/index`
22 error Exit status 1
23 error Failed at the src@1.0.0 start script 'nodemon src/index'.
23 error Make sure you have the latest version of node.js and npm installed.
23 error If you do, this is most likely a problem with the src package,
23 error not with npm itself.
23 error Tell the author that this fails on your system:
23 error     nodemon src/index
23 error You can get information on how to open an issue for this project with:
23 error     npm bugs src
23 error Or if that isn't available, you can get their info via:
23 error     npm owner ls src
23 error There is likely additional logging output above.
24 verbose exit [ 1, true ]
